[debug] [2023-01-09T14:36:54.708Z] ----------------------------------------------------------------------
[debug] [2023-01-09T14:36:54.711Z] Command:       C:\Program Files (x86)\nodejs\node.exe C:\Users\Lenovo\AppData\Roaming\npm\node_modules\firebase-tools\lib\bin\firebase.js deploy --only hosting
[debug] [2023-01-09T14:36:54.711Z] CLI Version:   11.20.0
[debug] [2023-01-09T14:36:54.711Z] Platform:      win32
[debug] [2023-01-09T14:36:54.711Z] Node Version:  v16.16.0
[debug] [2023-01-09T14:36:54.713Z] Time:          Mon Jan 09 2023 21:36:54 GMT+0700 (Western Indonesia Time)
[debug] [2023-01-09T14:36:54.713Z] ----------------------------------------------------------------------
[debug] 
[debug] [2023-01-09T14:36:54.802Z] > command requires scopes: ["email","openid","https://www.googleapis.com/auth/cloudplatformprojects.readonly","https://www.googleapis.com/auth/firebase","https://www.googleapis.com/auth/cloud-platform"]
[debug] [2023-01-09T14:36:54.803Z] > authorizing via signed-in user (nostracodecom@gmail.com)
[debug] [2023-01-09T14:36:54.803Z] [iam] checking project yayasan-walii for permissions ["firebase.projects.get","firebasehosting.sites.update"]
[debug] [2023-01-09T14:36:54.806Z] >>> [apiv2][query] POST https://cloudresourcemanager.googleapis.com/v1/projects/yayasan-walii:testIamPermissions [none]
[debug] [2023-01-09T14:36:54.806Z] >>> [apiv2][(partial)header] POST https://cloudresourcemanager.googleapis.com/v1/projects/yayasan-walii:testIamPermissions x-goog-quota-user=projects/yayasan-walii
[debug] [2023-01-09T14:36:54.807Z] >>> [apiv2][body] POST https://cloudresourcemanager.googleapis.com/v1/projects/yayasan-walii:testIamPermissions {"permissions":["firebase.projects.get","firebasehosting.sites.update"]}
[debug] [2023-01-09T14:36:56.336Z] <<< [apiv2][status] POST https://cloudresourcemanager.googleapis.com/v1/projects/yayasan-walii:testIamPermissions 200
[debug] [2023-01-09T14:36:56.337Z] <<< [apiv2][body] POST https://cloudresourcemanager.googleapis.com/v1/projects/yayasan-walii:testIamPermissions {"permissions":["firebase.projects.get","firebasehosting.sites.update"]}
[debug] [2023-01-09T14:36:56.339Z] >>> [apiv2][query] GET https://firebase.googleapis.com/v1beta1/projects/yayasan-walii [none]
[debug] [2023-01-09T14:36:57.239Z] <<< [apiv2][status] GET https://firebase.googleapis.com/v1beta1/projects/yayasan-walii 200
[debug] [2023-01-09T14:36:57.240Z] <<< [apiv2][body] GET https://firebase.googleapis.com/v1beta1/projects/yayasan-walii {"projectId":"yayasan-walii","projectNumber":"172127358049","displayName":"yayasan-walii","name":"projects/yayasan-walii","resources":{"hostingSite":"yayasan-walii","realtimeDatabaseInstance":"yayasan-walii-default-rtdb"},"state":"ACTIVE","etag":"1_72e5fab7-9080-4a0e-968b-c3b6688de346"}
[info] 
[info] === Deploying to 'yayasan-walii'...
[info] 
[info] i  deploying hosting 
[debug] [2023-01-09T14:36:57.253Z] >>> [apiv2][query] POST https://firebasehosting.googleapis.com/v1beta1/projects/-/sites/yayasan-walii/versions [none]
[debug] [2023-01-09T14:36:57.253Z] >>> [apiv2][body] POST https://firebasehosting.googleapis.com/v1beta1/projects/-/sites/yayasan-walii/versions {"status":"CREATED","labels":{"deployment-tool":"cli-firebase"}}
[debug] [2023-01-09T14:36:57.255Z] >>> [apiv2][query] POST https://firebasehosting.googleapis.com/v1beta1/projects/-/sites/wanayasa/versions [none]
[debug] [2023-01-09T14:36:57.255Z] >>> [apiv2][body] POST https://firebasehosting.googleapis.com/v1beta1/projects/-/sites/wanayasa/versions {"status":"CREATED","labels":{"deployment-tool":"cli-firebase"}}
